{"/home/sampab/test/src/components/BookCard/BookCard.js": {"path":"/home/sampab/test/src/components/BookCard/BookCard.js","statementMap":{"0":{"start":{"line":5,"column":16},"end":{"line":34,"column":3}},"1":{"start":{"line":6,"column":4},"end":{"line":15,"column":5}},"2":{"start":{"line":7,"column":14},"end":{"line":7,"column":27}},"3":{"start":{"line":8,"column":6},"end":{"line":8,"column":56}},"4":{"start":{"line":10,"column":14},"end":{"line":10,"column":56}},"5":{"start":{"line":11,"column":6},"end":{"line":14,"column":7}},"6":{"start":{"line":12,"column":8},"end":{"line":12,"column":28}},"7":{"start":{"line":13,"column":8},"end":{"line":13,"column":58}},"8":{"start":{"line":16,"column":4},"end":{"line":33,"column":5}},"9":{"start":{"line":17,"column":14},"end":{"line":17,"column":55}},"10":{"start":{"line":18,"column":6},"end":{"line":18,"column":20}},"11":{"start":{"line":19,"column":6},"end":{"line":20,"column":42}},"12":{"start":{"line":20,"column":6},"end":{"line":20,"column":42}},"13":{"start":{"line":21,"column":6},"end":{"line":21,"column":55}},"14":{"start":{"line":22,"column":6},"end":{"line":22,"column":25}},"15":{"start":{"line":23,"column":6},"end":{"line":23,"column":29}},"16":{"start":{"line":24,"column":11},"end":{"line":33,"column":5}},"17":{"start":{"line":25,"column":14},"end":{"line":25,"column":58}},"18":{"start":{"line":26,"column":6},"end":{"line":26,"column":20}},"19":{"start":{"line":27,"column":6},"end":{"line":28,"column":42}},"20":{"start":{"line":28,"column":6},"end":{"line":28,"column":42}},"21":{"start":{"line":29,"column":6},"end":{"line":29,"column":25}},"22":{"start":{"line":30,"column":6},"end":{"line":30,"column":58}},"23":{"start":{"line":31,"column":6},"end":{"line":32,"column":31}},"24":{"start":{"line":31,"column":30},"end":{"line":31,"column":52}},"25":{"start":{"line":32,"column":11},"end":{"line":32,"column":30}},"26":{"start":{"line":35,"column":2},"end":{"line":64,"column":4}},"27":{"start":{"line":58,"column":23},"end":{"line":58,"column":44}}},"fnMap":{"0":{"name":"BookCard","decl":{"start":{"line":4,"column":9},"end":{"line":4,"column":17}},"loc":{"start":{"line":4,"column":25},"end":{"line":65,"column":1}},"line":4},"1":{"name":"(anonymous_1)","decl":{"start":{"line":5,"column":16},"end":{"line":5,"column":17}},"loc":{"start":{"line":5,"column":30},"end":{"line":34,"column":3}},"line":5},"2":{"name":"(anonymous_2)","decl":{"start":{"line":58,"column":17},"end":{"line":58,"column":18}},"loc":{"start":{"line":58,"column":23},"end":{"line":58,"column":44}},"line":58}},"branchMap":{"0":{"loc":{"start":{"line":6,"column":4},"end":{"line":15,"column":5}},"type":"if","locations":[{"start":{"line":6,"column":4},"end":{"line":15,"column":5}},{"start":{"line":9,"column":11},"end":{"line":15,"column":5}}],"line":6},"1":{"loc":{"start":{"line":11,"column":6},"end":{"line":14,"column":7}},"type":"if","locations":[{"start":{"line":11,"column":6},"end":{"line":14,"column":7}},{"start":{},"end":{}}],"line":11},"2":{"loc":{"start":{"line":16,"column":4},"end":{"line":33,"column":5}},"type":"if","locations":[{"start":{"line":16,"column":4},"end":{"line":33,"column":5}},{"start":{"line":24,"column":11},"end":{"line":33,"column":5}}],"line":16},"3":{"loc":{"start":{"line":16,"column":8},"end":{"line":16,"column":64}},"type":"binary-expr","locations":[{"start":{"line":16,"column":8},"end":{"line":16,"column":31}},{"start":{"line":16,"column":35},"end":{"line":16,"column":64}}],"line":16},"4":{"loc":{"start":{"line":19,"column":6},"end":{"line":20,"column":42}},"type":"if","locations":[{"start":{"line":19,"column":6},"end":{"line":20,"column":42}},{"start":{},"end":{}}],"line":19},"5":{"loc":{"start":{"line":24,"column":11},"end":{"line":33,"column":5}},"type":"if","locations":[{"start":{"line":24,"column":11},"end":{"line":33,"column":5}},{"start":{},"end":{}}],"line":24},"6":{"loc":{"start":{"line":27,"column":6},"end":{"line":28,"column":42}},"type":"if","locations":[{"start":{"line":27,"column":6},"end":{"line":28,"column":42}},{"start":{},"end":{}}],"line":27},"7":{"loc":{"start":{"line":31,"column":6},"end":{"line":32,"column":31}},"type":"if","locations":[{"start":{"line":31,"column":6},"end":{"line":32,"column":31}},{"start":{"line":32,"column":10},"end":{"line":32,"column":31}}],"line":31}},"s":{"0":89,"1":7,"2":5,"3":5,"4":2,"5":2,"6":2,"7":2,"8":7,"9":1,"10":1,"11":1,"12":1,"13":1,"14":1,"15":1,"16":6,"17":4,"18":4,"19":4,"20":3,"21":4,"22":4,"23":4,"24":2,"25":2,"26":89,"27":7},"f":{"0":89,"1":7,"2":7},"b":{"0":[5,2],"1":[2,0],"2":[1,6],"3":[7,3],"4":[1,0],"5":[4,2],"6":[3,1],"7":[2,2]},"_coverageSchema":"1a1c01bbd47fc00a2c39e90264f33305004495a9","hash":"ab7729231933c3fec7b215218bfd44b844c5cc1a"}
,"/home/sampab/test/src/components/BookDetail/BookDetail.js": {"path":"/home/sampab/test/src/components/BookDetail/BookDetail.js","statementMap":{"0":{"start":{"line":7,"column":47},"end":{"line":7,"column":52}},"1":{"start":{"line":8,"column":2},"end":{"line":22,"column":4}},"2":{"start":{"line":26,"column":11},"end":{"line":26,"column":37}},"3":{"start":{"line":27,"column":2},"end":{"line":27,"column":28}},"4":{"start":{"line":28,"column":2},"end":{"line":28,"column":52}},"5":{"start":{"line":29,"column":17},"end":{"line":29,"column":60}},"6":{"start":{"line":30,"column":20},"end":{"line":30,"column":62}},"7":{"start":{"line":31,"column":18},"end":{"line":31,"column":62}},"8":{"start":{"line":32,"column":14},"end":{"line":32,"column":54}},"9":{"start":{"line":33,"column":2},"end":{"line":33,"column":43}},"10":{"start":{"line":36,"column":26},"end":{"line":36,"column":37}},"11":{"start":{"line":37,"column":17},"end":{"line":39,"column":3}},"12":{"start":{"line":38,"column":4},"end":{"line":38,"column":23}},"13":{"start":{"line":40,"column":16},"end":{"line":40,"column":47}},"14":{"start":{"line":41,"column":2},"end":{"line":41,"column":21}},"15":{"start":{"line":42,"column":26},"end":{"line":64,"column":3}},"16":{"start":{"line":43,"column":4},"end":{"line":52,"column":5}},"17":{"start":{"line":44,"column":6},"end":{"line":44,"column":62}},"18":{"start":{"line":46,"column":14},"end":{"line":46,"column":56}},"19":{"start":{"line":48,"column":6},"end":{"line":51,"column":7}},"20":{"start":{"line":49,"column":8},"end":{"line":49,"column":22}},"21":{"start":{"line":50,"column":8},"end":{"line":50,"column":58}},"22":{"start":{"line":53,"column":4},"end":{"line":63,"column":5}},"23":{"start":{"line":54,"column":14},"end":{"line":54,"column":55}},"24":{"start":{"line":55,"column":6},"end":{"line":55,"column":36}},"25":{"start":{"line":56,"column":6},"end":{"line":56,"column":55}},"26":{"start":{"line":57,"column":11},"end":{"line":63,"column":5}},"27":{"start":{"line":58,"column":14},"end":{"line":58,"column":58}},"28":{"start":{"line":59,"column":6},"end":{"line":61,"column":7}},"29":{"start":{"line":60,"column":8},"end":{"line":60,"column":38}},"30":{"start":{"line":62,"column":6},"end":{"line":62,"column":58}},"31":{"start":{"line":65,"column":40},"end":{"line":65,"column":54}},"32":{"start":{"line":67,"column":4},"end":{"line":70,"column":6}},"33":{"start":{"line":72,"column":2},"end":{"line":185,"column":4}},"34":{"start":{"line":99,"column":20},"end":{"line":99,"column":62}},"35":{"start":{"line":116,"column":20},"end":{"line":116,"column":65}}},"fnMap":{"0":{"name":"TabPanel","decl":{"start":{"line":6,"column":9},"end":{"line":6,"column":17}},"loc":{"start":{"line":6,"column":25},"end":{"line":23,"column":1}},"line":6},"1":{"name":"getData","decl":{"start":{"line":25,"column":9},"end":{"line":25,"column":16}},"loc":{"start":{"line":25,"column":24},"end":{"line":34,"column":1}},"line":25},"2":{"name":"BookDetail","decl":{"start":{"line":35,"column":24},"end":{"line":35,"column":34}},"loc":{"start":{"line":35,"column":42},"end":{"line":186,"column":1}},"line":35},"3":{"name":"(anonymous_3)","decl":{"start":{"line":37,"column":17},"end":{"line":37,"column":18}},"loc":{"start":{"line":37,"column":38},"end":{"line":39,"column":3}},"line":37},"4":{"name":"(anonymous_4)","decl":{"start":{"line":42,"column":26},"end":{"line":42,"column":27}},"loc":{"start":{"line":42,"column":47},"end":{"line":64,"column":3}},"line":42},"5":{"name":"propsother","decl":{"start":{"line":66,"column":11},"end":{"line":66,"column":21}},"loc":{"start":{"line":66,"column":29},"end":{"line":71,"column":3}},"line":66},"6":{"name":"(anonymous_6)","decl":{"start":{"line":98,"column":27},"end":{"line":98,"column":28}},"loc":{"start":{"line":98,"column":33},"end":{"line":100,"column":19}},"line":98},"7":{"name":"(anonymous_7)","decl":{"start":{"line":115,"column":27},"end":{"line":115,"column":28}},"loc":{"start":{"line":115,"column":33},"end":{"line":117,"column":19}},"line":115}},"branchMap":{"0":{"loc":{"start":{"line":16,"column":7},"end":{"line":20,"column":7}},"type":"binary-expr","locations":[{"start":{"line":16,"column":7},"end":{"line":16,"column":22}},{"start":{"line":17,"column":8},"end":{"line":19,"column":14}}],"line":16},"1":{"loc":{"start":{"line":40,"column":16},"end":{"line":40,"column":47}},"type":"binary-expr","locations":[{"start":{"line":40,"column":16},"end":{"line":40,"column":30}},{"start":{"line":40,"column":34},"end":{"line":40,"column":42}},{"start":{"line":40,"column":46},"end":{"line":40,"column":47}}],"line":40},"2":{"loc":{"start":{"line":43,"column":4},"end":{"line":52,"column":5}},"type":"if","locations":[{"start":{"line":43,"column":4},"end":{"line":52,"column":5}},{"start":{"line":45,"column":11},"end":{"line":52,"column":5}}],"line":43},"3":{"loc":{"start":{"line":48,"column":6},"end":{"line":51,"column":7}},"type":"if","locations":[{"start":{"line":48,"column":6},"end":{"line":51,"column":7}},{"start":{},"end":{}}],"line":48},"4":{"loc":{"start":{"line":53,"column":4},"end":{"line":63,"column":5}},"type":"if","locations":[{"start":{"line":53,"column":4},"end":{"line":63,"column":5}},{"start":{"line":57,"column":11},"end":{"line":63,"column":5}}],"line":53},"5":{"loc":{"start":{"line":53,"column":8},"end":{"line":53,"column":64}},"type":"binary-expr","locations":[{"start":{"line":53,"column":8},"end":{"line":53,"column":31}},{"start":{"line":53,"column":35},"end":{"line":53,"column":64}}],"line":53},"6":{"loc":{"start":{"line":57,"column":11},"end":{"line":63,"column":5}},"type":"if","locations":[{"start":{"line":57,"column":11},"end":{"line":63,"column":5}},{"start":{},"end":{}}],"line":57},"7":{"loc":{"start":{"line":59,"column":6},"end":{"line":61,"column":7}},"type":"if","locations":[{"start":{"line":59,"column":6},"end":{"line":61,"column":7}},{"start":{},"end":{}}],"line":59}},"s":{"0":7,"1":6,"2":2,"3":2,"4":2,"5":2,"6":2,"7":2,"8":2,"9":2,"10":3,"11":2,"12":0,"13":2,"14":2,"15":2,"16":3,"17":2,"18":1,"19":1,"20":1,"21":1,"22":3,"23":1,"24":1,"25":1,"26":2,"27":1,"28":1,"29":1,"30":1,"31":2,"32":6,"33":2,"34":2,"35":1},"f":{"0":7,"1":2,"2":3,"3":0,"4":3,"5":6,"6":2,"7":1},"b":{"0":[6,2],"1":[2,2,0],"2":[2,1],"3":[1,0],"4":[1,2],"5":[3,1],"6":[1,1],"7":[1,0]},"_coverageSchema":"1a1c01bbd47fc00a2c39e90264f33305004495a9","hash":"80fdfc2236760127280634fc1210bfa3e5979815"}
,"/home/sampab/test/src/components/CurrentlyReading/CurrentlyReading.js": {"path":"/home/sampab/test/src/components/CurrentlyReading/CurrentlyReading.js","statementMap":{"0":{"start":{"line":6,"column":21},"end":{"line":6,"column":33}},"1":{"start":{"line":7,"column":2},"end":{"line":9,"column":8}},"2":{"start":{"line":8,"column":4},"end":{"line":8,"column":88}},"3":{"start":{"line":8,"column":38},"end":{"line":8,"column":88}},"4":{"start":{"line":10,"column":2},"end":{"line":40,"column":3}},"5":{"start":{"line":14,"column":4},"end":{"line":18,"column":6}},"6":{"start":{"line":20,"column":4},"end":{"line":39,"column":6}},"7":{"start":{"line":24,"column":12},"end":{"line":35,"column":19}},"8":{"start":{"line":28,"column":40},"end":{"line":28,"column":54}}},"fnMap":{"0":{"name":"CurrentlyReading","decl":{"start":{"line":5,"column":24},"end":{"line":5,"column":40}},"loc":{"start":{"line":5,"column":48},"end":{"line":41,"column":1}},"line":5},"1":{"name":"(anonymous_1)","decl":{"start":{"line":7,"column":12},"end":{"line":7,"column":13}},"loc":{"start":{"line":7,"column":16},"end":{"line":9,"column":3}},"line":7},"2":{"name":"(anonymous_2)","decl":{"start":{"line":23,"column":20},"end":{"line":23,"column":21}},"loc":{"start":{"line":24,"column":12},"end":{"line":35,"column":19}},"line":24},"3":{"name":"(anonymous_3)","decl":{"start":{"line":28,"column":31},"end":{"line":28,"column":32}},"loc":{"start":{"line":28,"column":40},"end":{"line":28,"column":54}},"line":28}},"branchMap":{"0":{"loc":{"start":{"line":8,"column":4},"end":{"line":8,"column":88}},"type":"if","locations":[{"start":{"line":8,"column":4},"end":{"line":8,"column":88}},{"start":{},"end":{}}],"line":8},"1":{"loc":{"start":{"line":10,"column":2},"end":{"line":40,"column":3}},"type":"if","locations":[{"start":{"line":10,"column":2},"end":{"line":40,"column":3}},{"start":{"line":19,"column":9},"end":{"line":40,"column":3}}],"line":10},"2":{"loc":{"start":{"line":11,"column":4},"end":{"line":12,"column":58}},"type":"binary-expr","locations":[{"start":{"line":11,"column":4},"end":{"line":11,"column":34}},{"start":{"line":12,"column":4},"end":{"line":12,"column":58}}],"line":11}},"s":{"0":9,"1":7,"2":4,"3":2,"4":7,"5":3,"6":4,"7":2,"8":1},"f":{"0":9,"1":4,"2":2,"3":1},"b":{"0":[2,2],"1":[3,4],"2":[7,5]},"_coverageSchema":"1a1c01bbd47fc00a2c39e90264f33305004495a9","hash":"68631fe7cef26e92278e357db86a6f6dbba6c472"}
,"/home/sampab/test/src/components/ExploreGrid/ExploreGrid.js": {"path":"/home/sampab/test/src/components/ExploreGrid/ExploreGrid.js","statementMap":{"0":{"start":{"line":12,"column":15},"end":{"line":12,"column":38}},"1":{"start":{"line":12,"column":21},"end":{"line":12,"column":38}},"2":{"start":{"line":13,"column":13},"end":{"line":13,"column":15}},"3":{"start":{"line":14,"column":2},"end":{"line":189,"column":4}},"4":{"start":{"line":25,"column":20},"end":{"line":25,"column":38}},"5":{"start":{"line":26,"column":20},"end":{"line":33,"column":21}},"6":{"start":{"line":27,"column":22},"end":{"line":27,"column":56}},"7":{"start":{"line":28,"column":22},"end":{"line":28,"column":48}},"8":{"start":{"line":30,"column":22},"end":{"line":30,"column":40}},"9":{"start":{"line":31,"column":22},"end":{"line":31,"column":32}},"10":{"start":{"line":32,"column":22},"end":{"line":32,"column":45}}},"fnMap":{"0":{"name":"ExploreGrid","decl":{"start":{"line":11,"column":9},"end":{"line":11,"column":20}},"loc":{"start":{"line":11,"column":28},"end":{"line":190,"column":1}},"line":11},"1":{"name":"(anonymous_1)","decl":{"start":{"line":12,"column":15},"end":{"line":12,"column":16}},"loc":{"start":{"line":12,"column":21},"end":{"line":12,"column":38}},"line":12},"2":{"name":"(anonymous_2)","decl":{"start":{"line":24,"column":27},"end":{"line":24,"column":28}},"loc":{"start":{"line":24,"column":33},"end":{"line":34,"column":19}},"line":24}},"branchMap":{"0":{"loc":{"start":{"line":26,"column":20},"end":{"line":33,"column":21}},"type":"if","locations":[{"start":{"line":26,"column":20},"end":{"line":33,"column":21}},{"start":{"line":29,"column":27},"end":{"line":33,"column":21}}],"line":26}},"s":{"0":29,"1":1,"2":29,"3":29,"4":2,"5":2,"6":1,"7":1,"8":1,"9":1,"10":1},"f":{"0":29,"1":1,"2":2},"b":{"0":[1,1]},"_coverageSchema":"1a1c01bbd47fc00a2c39e90264f33305004495a9","hash":"08b4e9ac60e1ee2a3e0bb15ff6ef246775ca42a9"}
,"/home/sampab/test/src/components/FinishedReading/FinishedBooks.js": {"path":"/home/sampab/test/src/components/FinishedReading/FinishedBooks.js","statementMap":{"0":{"start":{"line":6,"column":23},"end":{"line":6,"column":35}},"1":{"start":{"line":7,"column":4},"end":{"line":9,"column":10}},"2":{"start":{"line":8,"column":6},"end":{"line":8,"column":96}},"3":{"start":{"line":8,"column":43},"end":{"line":8,"column":96}},"4":{"start":{"line":10,"column":2},"end":{"line":38,"column":3}},"5":{"start":{"line":11,"column":4},"end":{"line":15,"column":6}},"6":{"start":{"line":17,"column":6},"end":{"line":17,"column":55}},"7":{"start":{"line":18,"column":4},"end":{"line":37,"column":6}},"8":{"start":{"line":22,"column":10},"end":{"line":33,"column":17}},"9":{"start":{"line":26,"column":37},"end":{"line":26,"column":51}}},"fnMap":{"0":{"name":"FinishedBooks","decl":{"start":{"line":5,"column":24},"end":{"line":5,"column":37}},"loc":{"start":{"line":5,"column":45},"end":{"line":39,"column":1}},"line":5},"1":{"name":"(anonymous_1)","decl":{"start":{"line":7,"column":14},"end":{"line":7,"column":15}},"loc":{"start":{"line":7,"column":18},"end":{"line":9,"column":5}},"line":7},"2":{"name":"(anonymous_2)","decl":{"start":{"line":21,"column":18},"end":{"line":21,"column":19}},"loc":{"start":{"line":22,"column":10},"end":{"line":33,"column":17}},"line":22},"3":{"name":"(anonymous_3)","decl":{"start":{"line":26,"column":28},"end":{"line":26,"column":29}},"loc":{"start":{"line":26,"column":37},"end":{"line":26,"column":51}},"line":26}},"branchMap":{"0":{"loc":{"start":{"line":8,"column":6},"end":{"line":8,"column":96}},"type":"if","locations":[{"start":{"line":8,"column":6},"end":{"line":8,"column":96}},{"start":{},"end":{}}],"line":8},"1":{"loc":{"start":{"line":10,"column":2},"end":{"line":38,"column":3}},"type":"if","locations":[{"start":{"line":10,"column":2},"end":{"line":38,"column":3}},{"start":{"line":16,"column":9},"end":{"line":38,"column":3}}],"line":10},"2":{"loc":{"start":{"line":10,"column":6},"end":{"line":10,"column":58}},"type":"binary-expr","locations":[{"start":{"line":10,"column":6},"end":{"line":10,"column":39}},{"start":{"line":10,"column":43},"end":{"line":10,"column":58}}],"line":10}},"s":{"0":6,"1":6,"2":3,"3":2,"4":6,"5":4,"6":2,"7":2,"8":2,"9":1},"f":{"0":6,"1":3,"2":2,"3":1},"b":{"0":[2,1],"1":[4,2],"2":[6,5]},"_coverageSchema":"1a1c01bbd47fc00a2c39e90264f33305004495a9","hash":"6c93d6c14969b4fd6b921db6a3093795c48d724f"}
,"/home/sampab/test/src/components/Footer/Footer.js": {"path":"/home/sampab/test/src/components/Footer/Footer.js","statementMap":{"0":{"start":{"line":5,"column":12},"end":{"line":5,"column":18}},"1":{"start":{"line":7,"column":14},"end":{"line":7,"column":23}},"2":{"start":{"line":8,"column":2},"end":{"line":46,"column":4}}},"fnMap":{"0":{"name":"(anonymous_0)","decl":{"start":{"line":5,"column":12},"end":{"line":5,"column":13}},"loc":{"start":{"line":5,"column":16},"end":{"line":5,"column":18}},"line":5},"1":{"name":"Footer","decl":{"start":{"line":6,"column":24},"end":{"line":6,"column":30}},"loc":{"start":{"line":6,"column":38},"end":{"line":47,"column":1}},"line":6}},"branchMap":{},"s":{"0":1,"1":1,"2":1},"f":{"0":0,"1":1},"b":{},"_coverageSchema":"1a1c01bbd47fc00a2c39e90264f33305004495a9","hash":"9e9457e6cf6a0c7f833db9df78ce3faf12b28530"}
,"/home/sampab/test/src/components/Home/Home.js": {"path":"/home/sampab/test/src/components/Home/Home.js","statementMap":{"0":{"start":{"line":11,"column":28},"end":{"line":11,"column":40}},"1":{"start":{"line":12,"column":19},"end":{"line":12,"column":31}},"2":{"start":{"line":13,"column":2},"end":{"line":13,"column":50}},"3":{"start":{"line":15,"column":22},"end":{"line":15,"column":37}},"4":{"start":{"line":16,"column":2},"end":{"line":16,"column":53}},"5":{"start":{"line":17,"column":23},"end":{"line":19,"column":3}},"6":{"start":{"line":18,"column":4},"end":{"line":18,"column":34}},"7":{"start":{"line":20,"column":2},"end":{"line":59,"column":4}},"8":{"start":{"line":35,"column":14},"end":{"line":53,"column":15}}},"fnMap":{"0":{"name":"Home","decl":{"start":{"line":10,"column":24},"end":{"line":10,"column":28}},"loc":{"start":{"line":10,"column":36},"end":{"line":60,"column":1}},"line":10},"1":{"name":"(anonymous_1)","decl":{"start":{"line":17,"column":23},"end":{"line":17,"column":24}},"loc":{"start":{"line":17,"column":34},"end":{"line":19,"column":3}},"line":17},"2":{"name":"(anonymous_2)","decl":{"start":{"line":34,"column":29},"end":{"line":34,"column":30}},"loc":{"start":{"line":35,"column":14},"end":{"line":53,"column":15}},"line":35}},"branchMap":{"0":{"loc":{"start":{"line":24,"column":34},"end":{"line":24,"column":69}},"type":"cond-expr","locations":[{"start":{"line":24,"column":53},"end":{"line":24,"column":60}},{"start":{"line":24,"column":63},"end":{"line":24,"column":69}}],"line":24},"1":{"loc":{"start":{"line":30,"column":12},"end":{"line":30,"column":61}},"type":"cond-expr","locations":[{"start":{"line":30,"column":37},"end":{"line":30,"column":50}},{"start":{"line":30,"column":51},"end":{"line":30,"column":61}}],"line":30},"2":{"loc":{"start":{"line":35,"column":14},"end":{"line":53,"column":15}},"type":"cond-expr","locations":[{"start":{"line":38,"column":16},"end":{"line":50,"column":23}},{"start":{"line":52,"column":16},"end":{"line":52,"column":18}}],"line":35},"3":{"loc":{"start":{"line":35,"column":14},"end":{"line":37,"column":61}},"type":"binary-expr","locations":[{"start":{"line":35,"column":15},"end":{"line":35,"column":54}},{"start":{"line":36,"column":16},"end":{"line":36,"column":56}},{"start":{"line":37,"column":15},"end":{"line":37,"column":60}}],"line":35}},"s":{"0":10,"1":10,"2":10,"3":10,"4":10,"5":10,"6":1,"7":10,"8":90},"f":{"0":10,"1":1,"2":90},"b":{"0":[0,10],"1":[0,10],"2":[82,8],"3":[90,9,82]},"_coverageSchema":"1a1c01bbd47fc00a2c39e90264f33305004495a9","hash":"be4b8aa69044ee18306df3a8e251bea5ed2ea7da"}
,"/home/sampab/test/src/components/Lower/Lower.js": {"path":"/home/sampab/test/src/components/Lower/Lower.js","statementMap":{"0":{"start":{"line":8,"column":23},"end":{"line":8,"column":34}},"1":{"start":{"line":9,"column":21},"end":{"line":11,"column":3}},"2":{"start":{"line":10,"column":4},"end":{"line":10,"column":23}},"3":{"start":{"line":13,"column":49},"end":{"line":13,"column":54}},"4":{"start":{"line":15,"column":4},"end":{"line":29,"column":6}},"5":{"start":{"line":32,"column":4},"end":{"line":35,"column":6}},"6":{"start":{"line":37,"column":2},"end":{"line":57,"column":4}}},"fnMap":{"0":{"name":"Lower","decl":{"start":{"line":7,"column":9},"end":{"line":7,"column":14}},"loc":{"start":{"line":7,"column":22},"end":{"line":58,"column":1}},"line":7},"1":{"name":"(anonymous_1)","decl":{"start":{"line":9,"column":21},"end":{"line":9,"column":22}},"loc":{"start":{"line":9,"column":39},"end":{"line":11,"column":3}},"line":9},"2":{"name":"TabPanel","decl":{"start":{"line":12,"column":11},"end":{"line":12,"column":19}},"loc":{"start":{"line":12,"column":27},"end":{"line":30,"column":3}},"line":12},"3":{"name":"a11yProps","decl":{"start":{"line":31,"column":11},"end":{"line":31,"column":20}},"loc":{"start":{"line":31,"column":28},"end":{"line":36,"column":3}},"line":31}},"branchMap":{"0":{"loc":{"start":{"line":23,"column":9},"end":{"line":27,"column":9}},"type":"binary-expr","locations":[{"start":{"line":23,"column":9},"end":{"line":23,"column":24}},{"start":{"line":24,"column":10},"end":{"line":26,"column":16}}],"line":23}},"s":{"0":5,"1":3,"2":1,"3":8,"4":6,"5":6,"6":3},"f":{"0":5,"1":1,"2":8,"3":6},"b":{"0":[6,3]},"_coverageSchema":"1a1c01bbd47fc00a2c39e90264f33305004495a9","hash":"27d26e5a98c5a1453389256b6c4da24cf9217ce9"}
,"/home/sampab/test/src/components/Nav/Nav.js": {"path":"/home/sampab/test/src/components/Nav/Nav.js","statementMap":{"0":{"start":{"line":15,"column":34},"end":{"line":15,"column":49}},"1":{"start":{"line":16,"column":39},"end":{"line":16,"column":64}},"2":{"start":{"line":17,"column":25},"end":{"line":17,"column":50}},"3":{"start":{"line":18,"column":24},"end":{"line":18,"column":40}},"4":{"start":{"line":19,"column":34},"end":{"line":19,"column":49}},"5":{"start":{"line":21,"column":17},"end":{"line":23,"column":3}},"6":{"start":{"line":22,"column":4},"end":{"line":22,"column":34}},"7":{"start":{"line":22,"column":27},"end":{"line":22,"column":32}},"8":{"start":{"line":26,"column":2},"end":{"line":71,"column":4}},"9":{"start":{"line":35,"column":35},"end":{"line":35,"column":50}},"10":{"start":{"line":40,"column":35},"end":{"line":40,"column":66}},"11":{"start":{"line":40,"column":60},"end":{"line":40,"column":65}},"12":{"start":{"line":69,"column":56},"end":{"line":69,"column":73}}},"fnMap":{"0":{"name":"Nav","decl":{"start":{"line":14,"column":24},"end":{"line":14,"column":27}},"loc":{"start":{"line":14,"column":35},"end":{"line":72,"column":1}},"line":14},"1":{"name":"(anonymous_1)","decl":{"start":{"line":21,"column":17},"end":{"line":21,"column":18}},"loc":{"start":{"line":21,"column":23},"end":{"line":23,"column":3}},"line":21},"2":{"name":"(anonymous_2)","decl":{"start":{"line":22,"column":17},"end":{"line":22,"column":18}},"loc":{"start":{"line":22,"column":27},"end":{"line":22,"column":32}},"line":22},"3":{"name":"(anonymous_3)","decl":{"start":{"line":35,"column":29},"end":{"line":35,"column":30}},"loc":{"start":{"line":35,"column":35},"end":{"line":35,"column":50}},"line":35},"4":{"name":"(anonymous_4)","decl":{"start":{"line":40,"column":31},"end":{"line":40,"column":32}},"loc":{"start":{"line":40,"column":35},"end":{"line":40,"column":66}},"line":40},"5":{"name":"(anonymous_5)","decl":{"start":{"line":40,"column":52},"end":{"line":40,"column":53}},"loc":{"start":{"line":40,"column":60},"end":{"line":40,"column":65}},"line":40},"6":{"name":"(anonymous_6)","decl":{"start":{"line":69,"column":46},"end":{"line":69,"column":47}},"loc":{"start":{"line":69,"column":55},"end":{"line":69,"column":74}},"line":69}},"branchMap":{"0":{"loc":{"start":{"line":54,"column":22},"end":{"line":54,"column":77}},"type":"cond-expr","locations":[{"start":{"line":54,"column":34},"end":{"line":54,"column":53}},{"start":{"line":54,"column":56},"end":{"line":54,"column":77}}],"line":54}},"s":{"0":28,"1":28,"2":28,"3":28,"4":28,"5":28,"6":6,"7":6,"8":28,"9":6,"10":7,"11":6,"12":0},"f":{"0":28,"1":6,"2":6,"3":6,"4":7,"5":6,"6":0},"b":{"0":[6,22]},"_coverageSchema":"1a1c01bbd47fc00a2c39e90264f33305004495a9","hash":"cfb6546cfb3c0dbfb5398000988493329f08d646"}
,"/home/sampab/test/src/components/SearchBar/SearchBar.js": {"path":"/home/sampab/test/src/components/SearchBar/SearchBar.js","statementMap":{"0":{"start":{"line":5,"column":4},"end":{"line":15,"column":6}}},"fnMap":{"0":{"name":"SearchBar","decl":{"start":{"line":3,"column":24},"end":{"line":3,"column":33}},"loc":{"start":{"line":3,"column":40},"end":{"line":16,"column":1}},"line":3}},"branchMap":{},"s":{"0":11},"f":{"0":11},"b":{},"_coverageSchema":"1a1c01bbd47fc00a2c39e90264f33305004495a9","hash":"16a9cb1747d58024fd9ad92ca4b95c4b05035d94"}
}
