TN:
SF:src/App.js
FNF:0
FNH:0
LF:0
LH:0
BRF:0
BRH:0
end_of_record
TN:
SF:src/index.js
FNF:0
FNH:0
DA:13,0
DA:75,0
DA:106,0
LF:3
LH:0
BRF:0
BRH:0
end_of_record
TN:
SF:src/reportWebVitals.js
FN:1,(anonymous_0)
FN:3,(anonymous_1)
FNF:2
FNH:0
FNDA:0,(anonymous_0)
FNDA:0,(anonymous_1)
DA:1,0
DA:2,0
DA:3,0
DA:4,0
DA:5,0
DA:6,0
DA:7,0
DA:8,0
LF:8
LH:0
BRDA:2,0,0,0
BRDA:2,0,1,0
BRDA:2,1,0,0
BRDA:2,1,1,0
BRF:4
BRH:0
end_of_record
TN:
SF:src/components/BookCard/BookCard.js
FN:4,BookCard
FN:5,(anonymous_1)
FN:58,(anonymous_2)
FNF:3
FNH:3
FNDA:89,BookCard
FNDA:7,(anonymous_1)
FNDA:7,(anonymous_2)
DA:5,89
DA:6,7
DA:7,5
DA:8,5
DA:10,2
DA:11,2
DA:12,2
DA:13,2
DA:16,7
DA:17,1
DA:18,1
DA:19,1
DA:20,1
DA:21,1
DA:22,1
DA:23,1
DA:24,6
DA:25,4
DA:26,4
DA:27,4
DA:28,3
DA:29,4
DA:30,4
DA:31,4
DA:32,2
DA:35,89
DA:58,7
LF:27
LH:27
BRDA:6,0,0,5
BRDA:6,0,1,2
BRDA:11,1,0,2
BRDA:11,1,1,0
BRDA:16,2,0,1
BRDA:16,2,1,6
BRDA:16,3,0,7
BRDA:16,3,1,3
BRDA:19,4,0,1
BRDA:19,4,1,0
BRDA:24,5,0,4
BRDA:24,5,1,2
BRDA:27,6,0,3
BRDA:27,6,1,1
BRDA:31,7,0,2
BRDA:31,7,1,2
BRF:16
BRH:14
end_of_record
TN:
SF:src/components/BookDetail/BookDetail.js
FN:6,TabPanel
FN:25,getData
FN:35,BookDetail
FN:37,(anonymous_3)
FN:42,(anonymous_4)
FN:66,propsother
FN:98,(anonymous_6)
FN:114,(anonymous_7)
FNF:8
FNH:7
FNDA:7,TabPanel
FNDA:2,getData
FNDA:3,BookDetail
FNDA:0,(anonymous_3)
FNDA:3,(anonymous_4)
FNDA:6,propsother
FNDA:2,(anonymous_6)
FNDA:1,(anonymous_7)
DA:7,7
DA:8,6
DA:26,2
DA:27,2
DA:28,2
DA:29,2
DA:30,2
DA:31,2
DA:32,2
DA:33,2
DA:36,3
DA:37,2
DA:38,0
DA:40,2
DA:41,2
DA:42,2
DA:43,3
DA:44,2
DA:46,1
DA:48,1
DA:49,1
DA:50,1
DA:53,3
DA:54,1
DA:55,1
DA:56,1
DA:57,2
DA:58,1
DA:59,1
DA:60,1
DA:62,1
DA:65,2
DA:67,6
DA:72,2
DA:99,2
DA:115,1
LF:36
LH:35
BRDA:16,0,0,6
BRDA:16,0,1,2
BRDA:40,1,0,2
BRDA:40,1,1,2
BRDA:40,1,2,0
BRDA:43,2,0,2
BRDA:43,2,1,1
BRDA:48,3,0,1
BRDA:48,3,1,0
BRDA:53,4,0,1
BRDA:53,4,1,2
BRDA:53,5,0,3
BRDA:53,5,1,1
BRDA:57,6,0,1
BRDA:57,6,1,1
BRDA:59,7,0,1
BRDA:59,7,1,0
BRF:17
BRH:14
end_of_record
TN:
SF:src/components/CurrentlyReading/CurrentlyReading.js
FN:5,CurrentlyReading
FN:7,(anonymous_1)
FN:23,(anonymous_2)
FN:28,(anonymous_3)
FNF:4
FNH:4
FNDA:9,CurrentlyReading
FNDA:4,(anonymous_1)
FNDA:2,(anonymous_2)
FNDA:1,(anonymous_3)
DA:6,9
DA:7,7
DA:8,4
DA:10,7
DA:14,3
DA:20,4
DA:24,2
DA:28,1
LF:8
LH:8
BRDA:8,0,0,2
BRDA:8,0,1,2
BRDA:10,1,0,3
BRDA:10,1,1,4
BRDA:11,2,0,7
BRDA:11,2,1,5
BRF:6
BRH:6
end_of_record
TN:
SF:src/components/ExploreGrid/ExploreGrid.js
FN:11,ExploreGrid
FN:12,(anonymous_1)
FN:24,(anonymous_2)
FNF:3
FNH:3
FNDA:29,ExploreGrid
FNDA:1,(anonymous_1)
FNDA:2,(anonymous_2)
DA:12,29
DA:13,29
DA:14,29
DA:25,2
DA:26,2
DA:27,1
DA:28,1
DA:30,1
DA:31,1
DA:32,1
LF:10
LH:10
BRDA:26,0,0,1
BRDA:26,0,1,1
BRF:2
BRH:2
end_of_record
TN:
SF:src/components/FinishedReading/FinishedBooks.js
FN:5,FinishedBooks
FN:7,(anonymous_1)
FN:21,(anonymous_2)
FN:26,(anonymous_3)
FNF:4
FNH:4
FNDA:6,FinishedBooks
FNDA:3,(anonymous_1)
FNDA:2,(anonymous_2)
FNDA:1,(anonymous_3)
DA:6,6
DA:7,6
DA:8,3
DA:10,6
DA:11,4
DA:17,2
DA:18,2
DA:22,2
DA:26,1
LF:9
LH:9
BRDA:8,0,0,2
BRDA:8,0,1,1
BRDA:10,1,0,4
BRDA:10,1,1,2
BRDA:10,2,0,6
BRDA:10,2,1,5
BRF:6
BRH:6
end_of_record
TN:
SF:src/components/Footer/Footer.js
FN:5,(anonymous_0)
FN:6,Footer
FNF:2
FNH:1
FNDA:0,(anonymous_0)
FNDA:1,Footer
DA:5,1
DA:7,1
DA:8,1
LF:3
LH:3
BRF:0
BRH:0
end_of_record
TN:
SF:src/components/Home/Home.js
FN:10,Home
FN:17,(anonymous_1)
FN:34,(anonymous_2)
FNF:3
FNH:3
FNDA:10,Home
FNDA:1,(anonymous_1)
FNDA:90,(anonymous_2)
DA:11,10
DA:12,10
DA:13,10
DA:15,10
DA:16,10
DA:17,10
DA:18,1
DA:20,10
DA:35,90
LF:9
LH:9
BRDA:24,0,0,0
BRDA:24,0,1,10
BRDA:30,1,0,0
BRDA:30,1,1,10
BRDA:35,2,0,82
BRDA:35,2,1,8
BRDA:35,3,0,90
BRDA:35,3,1,9
BRDA:35,3,2,82
BRF:9
BRH:7
end_of_record
TN:
SF:src/components/Lower/Lower.js
FN:7,Lower
FN:9,(anonymous_1)
FN:12,TabPanel
FN:31,a11yProps
FNF:4
FNH:4
FNDA:5,Lower
FNDA:1,(anonymous_1)
FNDA:8,TabPanel
FNDA:6,a11yProps
DA:8,5
DA:9,3
DA:10,1
DA:13,8
DA:15,6
DA:32,6
DA:37,3
LF:7
LH:7
BRDA:23,0,0,6
BRDA:23,0,1,3
BRF:2
BRH:2
end_of_record
TN:
SF:src/components/Nav/Nav.js
FN:13,Nav
FN:23,(anonymous_1)
FN:24,(anonymous_2)
FN:43,(anonymous_3)
FN:48,(anonymous_4)
FN:48,(anonymous_5)
FN:78,(anonymous_6)
FNF:7
FNH:6
FNDA:28,Nav
FNDA:6,(anonymous_1)
FNDA:6,(anonymous_2)
FNDA:6,(anonymous_3)
FNDA:7,(anonymous_4)
FNDA:6,(anonymous_5)
FNDA:0,(anonymous_6)
DA:14,28
DA:15,28
DA:16,28
DA:17,28
DA:18,28
DA:23,28
DA:24,6
DA:34,28
DA:43,6
DA:48,7
DA:78,0
LF:11
LH:10
BRDA:62,0,0,6
BRDA:62,0,1,22
BRF:2
BRH:2
end_of_record
TN:
SF:src/components/SearchBar/SearchBar.js
FN:3,SearchBar
FNF:1
FNH:1
FNDA:11,SearchBar
DA:5,11
LF:1
LH:1
BRF:0
BRH:0
end_of_record
